  SBC_APP.cpp
c:\users\cole chapin\desktop\repo\cpp_projects\sbc_app\sbc_app\sbc_app.cpp(120): error C3867: 'std::vector<T,std::allocator<_Ty>>::size': non-standard syntax; use '&' to create a pointer to member
          with
          [
              T=Player,
              _Ty=Player
          ]
c:\users\cole chapin\desktop\repo\cpp_projects\sbc_app\sbc_app\sbc_app.cpp(120): error C2446: '<': no conversion from 'unsigned int (__thiscall std::vector<T,std::allocator<_Ty>>::* )(void) noexcept const' to 'int'
          with
          [
              T=Player,
              _Ty=Player
          ]
  c:\users\cole chapin\desktop\repo\cpp_projects\sbc_app\sbc_app\sbc_app.cpp(120): note: There is no context in which this conversion is possible
c:\users\cole chapin\desktop\repo\cpp_projects\sbc_app\sbc_app\sbc_app.cpp(130): error C3867: 'std::vector<T,std::allocator<_Ty>>::size': non-standard syntax; use '&' to create a pointer to member
          with
          [
              T=Player,
              _Ty=Player
          ]
c:\users\cole chapin\desktop\repo\cpp_projects\sbc_app\sbc_app\sbc_app.cpp(130): error C2446: '<': no conversion from 'unsigned int (__thiscall std::vector<T,std::allocator<_Ty>>::* )(void) noexcept const' to 'int'
          with
          [
              T=Player,
              _Ty=Player
          ]
  c:\users\cole chapin\desktop\repo\cpp_projects\sbc_app\sbc_app\sbc_app.cpp(130): note: There is no context in which this conversion is possible
c:\users\cole chapin\desktop\repo\cpp_projects\sbc_app\sbc_app\sbc_app.cpp(141): error C3867: 'std::vector<T,std::allocator<_Ty>>::size': non-standard syntax; use '&' to create a pointer to member
          with
          [
              T=Player,
              _Ty=Player
          ]
c:\users\cole chapin\desktop\repo\cpp_projects\sbc_app\sbc_app\sbc_app.cpp(141): error C2446: '<': no conversion from 'unsigned int (__thiscall std::vector<T,std::allocator<_Ty>>::* )(void) noexcept const' to 'int'
          with
          [
              T=Player,
              _Ty=Player
          ]
  c:\users\cole chapin\desktop\repo\cpp_projects\sbc_app\sbc_app\sbc_app.cpp(141): note: There is no context in which this conversion is possible
c:\users\cole chapin\desktop\repo\cpp_projects\sbc_app\sbc_app\sbc_app.cpp(151): warning C4018: '<': signed/unsigned mismatch
c:\users\cole chapin\desktop\repo\cpp_projects\sbc_app\sbc_app\sbc_app.cpp(160): error C3867: 'std::vector<T,std::allocator<_Ty>>::size': non-standard syntax; use '&' to create a pointer to member
          with
          [
              T=Player,
              _Ty=Player
          ]
c:\users\cole chapin\desktop\repo\cpp_projects\sbc_app\sbc_app\sbc_app.cpp(160): error C2296: '<=': illegal, left operand has type 'unsigned int (__thiscall std::vector<T,std::allocator<_Ty>>::* )(void) noexcept const'
          with
          [
              T=Player,
              _Ty=Player
          ]
c:\users\cole chapin\desktop\repo\cpp_projects\sbc_app\sbc_app\sbc_app.cpp(160): error C2297: '<=': illegal, right operand has type 'unsigned int (__thiscall std::vector<T,std::allocator<_Ty>>::* )(void) noexcept const'
          with
          [
              T=Player,
              _Ty=Player
          ]
c:\users\cole chapin\desktop\repo\cpp_projects\sbc_app\sbc_app\sbc_app.cpp(162): error C3867: 'std::vector<T,std::allocator<_Ty>>::size': non-standard syntax; use '&' to create a pointer to member
          with
          [
              T=Player,
              _Ty=Player
          ]
c:\users\cole chapin\desktop\repo\cpp_projects\sbc_app\sbc_app\sbc_app.cpp(162): error C2446: '<': no conversion from 'unsigned int (__thiscall std::vector<T,std::allocator<_Ty>>::* )(void) noexcept const' to 'int'
          with
          [
              T=Player,
              _Ty=Player
          ]
  c:\users\cole chapin\desktop\repo\cpp_projects\sbc_app\sbc_app\sbc_app.cpp(162): note: There is no context in which this conversion is possible
